Vivado Simulator 2019.2
Copyright 1986-1999, 2001-2019 Xilinx, Inc. All Rights Reserved.
Running: D:/Xilinx/Vivado/2019.2/bin/unwrapped/win64.o/xelab.exe -wto 672becbb7cde4ef4b114e0926f7cebc7 --incr --debug typical --relax --mt 2 -L xil_defaultlib -L secureip --snapshot main_tb_behav xil_defaultlib.main_tb -log elaborate.log 
Using 2 slave threads.
Starting static elaboration
Completed static elaboration
Starting simulation data flow analysis
Completed simulation data flow analysis
Time Resolution for simulation is 1ps
Compiling package std.standard
Compiling package std.textio
Compiling package ieee.std_logic_1164
Compiling package ieee.numeric_std
Compiling package unisim.vcomponents
Compiling package ieee.std_logic_arith
Compiling package ieee.std_logic_signed
Compiling package ieee.vital_timing
Compiling package ieee.vital_primitives
Compiling package unisim.vpkg
Compiling architecture behavioral of entity xil_defaultlib.minimal_uart_tx [minimal_uart_tx_default]
Compiling architecture xadc_v of entity unisim.XADC [\XADC(init_40="1001000000000000"...]
Compiling architecture xilinx of entity xil_defaultlib.xadc_wiz_1 [xadc_wiz_1_default]
Compiling architecture behavioral of entity xil_defaultlib.main [main_default]
Compiling architecture behavioral of entity xil_defaultlib.main_tb
Built simulation snapshot main_tb_behav
